#
# A fatal error has been detected by the Java Runtime Environment:
#
#  Internal Error (javaClasses.cpp:129), pid=3424, tid=3632
#  fatal error: Invalid layout of preloaded class
#
# JRE version: 7.0_17-b02
# Java VM: Java HotSpot(TM) Client VM (23.7-b01 mixed mode windows-x86 )
# Failed to write core dump. Minidumps are not enabled by default on client versions of Windows
#
# If you would like to submit a bug report, please visit:
#   http://bugreport.sun.com/bugreport/crash.jsp
#

---------------  T H R E A D  ---------------

Current thread (0x0103ac00):  JavaThread "Unknown thread" [_thread_in_vm, id=3632, stack(0x00380000,0x003d0000)]

Stack: [0x00380000,0x003d0000],  sp=0x003cf414,  free space=317k
Native frames: (J=compiled Java code, j=interpreted, Vv=VM code, C=native code)
V  [jvm.dll+0x16f261]
V  [jvm.dll+0x1693d6]
V  [jvm.dll+0x2079f]
V  [jvm.dll+0x20826]
V  [jvm.dll+0x2e5bd]
V  [jvm.dll+0x2e869]
V  [jvm.dll+0x77ba1]
V  [jvm.dll+0x77f5b]
V  [jvm.dll+0x1290e1]
V  [jvm.dll+0x149b3a]
V  [jvm.dll+0xa98df]
C  [javaw.exe+0x13ca]
C  [javaw.exe+0x1e3c]
C  [javaw.exe+0xa5a1]
C  [javaw.exe+0xa62b]
C  [kernel32.dll+0x1338a]  BaseThreadInitThunk+0x12
C  [ntdll.dll+0x39f72]  RtlInitializeExceptionChain+0x63
C  [ntdll.dll+0x39f45]  RtlInitializeExceptionChain+0x36


---------------  P R O C E S S  ---------------

Java Threads: ( => current thread )

Other Threads:

=>0x0103ac00 (exited) JavaThread "Unknown thread" [_thread_in_vm, id=3632, stack(0x00380000,0x003d0000)]

VM state:not at safepoint (not fully initialized)

VM Mutex/Monitor currently owned by a thread: None

GC Heap History (0 events):
No events

Deoptimization events (0 events):
No events

Internal exceptions (0 events):
No events

Events (10 events):
Event: 0.011 loading class 0x010639b0 done
Event: 0.012 loading class 0x01062980 done
Event: 0.012 loading class 0x01062958
Event: 0.012 loading class 0x010e2e38
Event: 0.012 loading class 0x010e2e38 done
Event: 0.012 loading class 0x010e2e70
Event: 0.012 loading class 0x010e2e70 done
Event: 0.012 loading class 0x010e5230
Event: 0.012 loading class 0x010e5230 done
Event: 0.012 loading class 0x01062958 done


Dynamic libraries:
0x013e0000 - 0x0140f000 	D:\java\jdk1.7.0_71(32)\bin\javaw.exe
0x77cd0000 - 0x77e50000 	C:\Windows\SysWOW64\ntdll.dll
0x75ad0000 - 0x75be0000 	C:\Windows\syswow64\kernel32.dll
0x776e0000 - 0x77727000 	C:\Windows\syswow64\KERNELBASE.dll
0x77300000 - 0x773a0000 	C:\Windows\syswow64\ADVAPI32.dll
0x75e80000 - 0x75f2c000 	C:\Windows\syswow64\msvcrt.dll
0x75c00000 - 0x75c19000 	C:\Windows\SysWOW64\sechost.dll
0x759b0000 - 0x75aa0000 	C:\Windows\syswow64\RPCRT4.dll
0x75660000 - 0x756c0000 	C:\Windows\syswow64\SspiCli.dll
0x75650000 - 0x7565c000 	C:\Windows\syswow64\CRYPTBASE.dll
0x75c20000 - 0x75d20000 	C:\Windows\syswow64\USER32.dll
0x777c0000 - 0x77850000 	C:\Windows\syswow64\GDI32.dll
0x75910000 - 0x7591a000 	C:\Windows\syswow64\LPK.dll
0x76580000 - 0x7661d000 	C:\Windows\syswow64\USP10.dll
0x72410000 - 0x725ae000 	C:\Windows\WinSxS\x86_microsoft.windows.common-controls_6595b64144ccf1df_6.0.7601.17514_none_41e6975e2bd6f2b2\COMCTL32.dll
0x772a0000 - 0x772f7000 	C:\Windows\syswow64\SHLWAPI.dll
0x75950000 - 0x759b0000 	C:\Windows\system32\IMM32.DLL
0x76380000 - 0x7644c000 	C:\Windows\syswow64\MSCTF.dll
0x5abf0000 - 0x5acae000 	D:\java\jdk1.7.0_71(32)\bin\msvcr100.dll
0x5f610000 - 0x5f95c000 	D:\java\jdk1.7.0_71(32)\bin\client\jvm.dll
0x6e790000 - 0x6e797000 	C:\Windows\system32\WSOCK32.dll
0x76190000 - 0x761c5000 	C:\Windows\syswow64\WS2_32.dll
0x77630000 - 0x77636000 	C:\Windows\syswow64\NSI.dll
0x71df0000 - 0x71e22000 	C:\Windows\system32\WINMM.dll
0x77ca0000 - 0x77ca5000 	C:\Windows\syswow64\PSAPI.DLL
0x68da0000 - 0x68dac000 	D:\java\jdk1.7.0_71(32)\bin\verify.dll
0x650d0000 - 0x650f0000 	D:\java\jdk1.7.0_71(32)\bin\java.dll
0x650b0000 - 0x650c3000 	D:\java\jdk1.7.0_71(32)\bin\zip.dll
0x74a20000 - 0x74b0b000 	C:\Windows\system32\dbghelp.dll

VM Arguments:
jvm_args: -Dfile.encoding=UTF-8 -Xbootclasspath:D:\android\sdk\platforms\android-21\android.jar 
java_command: com.app.myapp.activity.AndroidDoc
Launcher Type: SUN_STANDARD

Environment Variables:
JAVA_HOME=D:\java\jdk1.7.0_71(32)
CLASSPATH=.;D:\java\jdk1.7.0_71(32)\lib
PATH=D:/java/jdk1.7.0_71(32)/BIN/client;D:/java/jdk1.7.0_71(32)/BIN;D:/java/jdk1.7.0_71(32)/lib/i386;D:\java\jdk1.7.0_71(32)\BIN;C:\Windows\SYSTEM32;C:\Windows;C:\Windows\SYSTEM32\WBEM;C:\Windows\SYSTEM32\WINDOWSPOWERSHELL\V1.0\;;D:\MYSQL\MYSQL SERVER 6.0\BIN;D:\SVN\VISUALSVN SERVER\BIN;D:\sqlserver2008\110\DTS\Binn\;D:\sqlserver2008\sqlserver2008_x86\110\Tools\Binn\;D:\sqlserver2008\110\Tools\Binn\;D:\sqlserver2008\sqlserver2008_x86\110\Tools\Binn\ManagementStudio\;C:\Program Files (x86)\Microsoft Visual Studio 10.0\Common7\IDE\PrivateAssemblies\;D:\sqlserver2008\sqlserver2008_x86\110\DTS\Binn\;C:\Program Files\TortoiseSVN\bin;F:\SOFTONE\android\sdk\platform-tools\;D:\android\eclipsex3.8;
USERNAME=Ming
OS=Windows_NT
PROCESSOR_IDENTIFIER=Intel64 Family 6 Model 37 Stepping 2, GenuineIntel



---------------  S Y S T E M  ---------------

OS: Windows 7 , 64 bit Build 7601 Service Pack 1

CPU:total 4 (2 cores per cpu, 2 threads per core) family 6 model 37 stepping 2, cmov, cx8, fxsr, mmx, sse, sse2, sse3, ssse3, sse4.1, sse4.2, popcnt, ht, tsc, tscinvbit

Memory: 4k page, physical 3985068k(833688k free), swap 7968276k(3472196k free)

vm_info: Java HotSpot(TM) Client VM (23.7-b01) for windows-x86 JRE (1.7.0_17-b02), built on Mar  1 2013 05:04:36 by "java_re" with unknown MS VC++:1600

time: Thu Jan 22 18:06:35 2015
elapsed time: 0 seconds

